<?xml version="1.0" encoding="UTF-8"?>
<testng-results skipped="0" failed="0" ignored="0" total="1" passed="1">
  <reporter-output>
  </reporter-output>
  <suite name="Suite" duration-ms="89025" started-at="2022-08-27T21:05:43Z" finished-at="2022-08-27T21:07:12Z">
    <groups>
    </groups>
    <test name="Test" duration-ms="89025" started-at="2022-08-27T21:05:43Z" finished-at="2022-08-27T21:07:12Z">
      <class name="testScenarios.Sample">
        <test-method status="PASS" signature="startTest()[pri:0, instance:testScenarios.Sample@51efea79]" name="startTest" is-config="true" duration-ms="671" started-at="2022-08-28T02:35:42Z" finished-at="2022-08-28T02:35:43Z">
          <reporter-output>
          </reporter-output>
        </test-method> <!-- startTest -->
        <test-method status="PASS" signature="setup()[pri:0, instance:testScenarios.Sample@51efea79]" name="setup" is-config="true" duration-ms="25848" started-at="2022-08-28T02:35:43Z" finished-at="2022-08-28T02:36:09Z">
          <reporter-output>
          </reporter-output>
        </test-method> <!-- setup -->
        <test-method status="PASS" signature="setUp()[pri:0, instance:testScenarios.Sample@51efea79]" name="setUp" is-config="true" duration-ms="4" started-at="2022-08-28T02:36:09Z" finished-at="2022-08-28T02:36:09Z">
          <reporter-output>
          </reporter-output>
        </test-method> <!-- setUp -->
        <test-method status="PASS" signature="xmlDownload()[pri:0, instance:testScenarios.Sample@51efea79]" name="xmlDownload" duration-ms="63119" started-at="2022-08-28T02:36:09Z" finished-at="2022-08-28T02:37:12Z">
          <reporter-output>
          </reporter-output>
        </test-method> <!-- xmlDownload -->
        <test-method status="PASS" signature="endTest()[pri:0, instance:testScenarios.Sample@51efea79]" name="endTest" is-config="true" duration-ms="2624" started-at="2022-08-28T02:37:13Z" finished-at="2022-08-28T02:37:16Z">
          <reporter-output>
          </reporter-output>
        </test-method> <!-- endTest -->
      </class> <!-- testScenarios.Sample -->
    </test> <!-- Test -->
  </suite> <!-- Suite -->
</testng-results>
