<?xml version="1.0" encoding="UTF-8"?>
<testng-results skipped="0" failed="0" ignored="0" total="1" passed="1">
  <reporter-output>
  </reporter-output>
  <suite name="Default suite" duration-ms="69095" started-at="2022-08-25T20:59:14Z" finished-at="2022-08-25T21:00:23Z">
    <groups>
    </groups>
    <test name="Default test" duration-ms="69095" started-at="2022-08-25T20:59:14Z" finished-at="2022-08-25T21:00:23Z">
      <class name="testScenarios.Sample">
        <test-method status="PASS" signature="setup()[pri:0, instance:testScenarios.Sample@5383967b]" name="setup" is-config="true" duration-ms="25733" started-at="2022-08-26T02:29:14Z" finished-at="2022-08-26T02:29:40Z">
          <reporter-output>
          </reporter-output>
        </test-method> <!-- setup -->
        <test-method status="PASS" signature="xmlDownload()[pri:0, instance:testScenarios.Sample@5383967b]" name="xmlDownload" duration-ms="43285" started-at="2022-08-26T02:29:40Z" finished-at="2022-08-26T02:30:23Z">
          <reporter-output>
          </reporter-output>
        </test-method> <!-- xmlDownload -->
      </class> <!-- testScenarios.Sample -->
    </test> <!-- Default test -->
  </suite> <!-- Default suite -->
</testng-results>
